<?xml version="1.0" encoding="UTF-8" ?>
<testsuite tests="1" failures="1" name="com.Amazon_Application_Test.Testclass" time="26.564" errors="0" skipped="0">
  <properties>
[...]
</properties>
  <testcase classname="com.Amazon_Application_Test.Testclass" name="Atul" time="26.564">
    <failure message="Unable to locate element: //a[@id=&apos;nav-logo-sprites&apos;]
For documentation on this error, please visit: https://www.seleniumhq.org/exceptions/no_such_element.html
Build info: version: &apos;3.141.59&apos;, revision: &apos;e82be7d358&apos;, time: &apos;2018-11-14T08:17:03&apos;
System info: host: &apos;INSPIRON-3567&apos;, ip: &apos;192.168.223.225&apos;, os.name: &apos;Windows 10&apos;, os.arch: &apos;amd64&apos;, os.version: &apos;10.0&apos;, java.version: &apos;18.0.1.1&apos;
Driver info: org.openqa.selenium.firefox.FirefoxDriver
Capabilities {acceptInsecureCerts: true, browserName: firefox, browserVersion: 107.0.1, javascriptEnabled: true, moz:accessibilityChecks: false, moz:buildID: 20221128144904, moz:geckodriverVersion: 0.31.0, moz:headless: false, moz:platformVersion: 10.0, moz:processID: 3672, moz:profile: C:\Users\DELL\AppData\Local..., moz:shutdownTimeout: 60000, moz:useNonSpecCompliantPointerOrigin: false, moz:webdriverClick: true, moz:windowless: false, pageLoadStrategy: normal, platform: WINDOWS, platformName: WINDOWS, proxy: Proxy(), setWindowRect: true, strictFileInteractability: false, timeouts: {implicit: 0, pageLoad: 300000, script: 30000}, unhandledPromptBehavior: dismiss and notify}
Session ID: 11a3a08a-7a43-4df0-807d-d7add85a81a9
*** Element info: {Using=xpath, value=//a[@id=&apos;nav-logo-sprites&apos;]}" type="org.openqa.selenium.NoSuchElementException">org.openqa.selenium.NoSuchElementException: Unable to locate element: //a[@id=&apos;nav-logo-sprites&apos;]
For documentation on this error, please visit: https://www.seleniumhq.org/exceptions/no_such_element.html
Build info: version: &apos;3.141.59&apos;, revision: &apos;e82be7d358&apos;, time: &apos;2018-11-14T08:17:03&apos;
System info: host: &apos;INSPIRON-3567&apos;, ip: &apos;192.168.223.225&apos;, os.name: &apos;Windows 10&apos;, os.arch: &apos;amd64&apos;, os.version: &apos;10.0&apos;, java.version: &apos;18.0.1.1&apos;
Driver info: org.openqa.selenium.firefox.FirefoxDriver
Capabilities {acceptInsecureCerts: true, browserName: firefox, browserVersion: 107.0.1, javascriptEnabled: true, moz:accessibilityChecks: false, moz:buildID: 20221128144904, moz:geckodriverVersion: 0.31.0, moz:headless: false, moz:platformVersion: 10.0, moz:processID: 3672, moz:profile: C:\Users\DELL\AppData\Local..., moz:shutdownTimeout: 60000, moz:useNonSpecCompliantPointerOrigin: false, moz:webdriverClick: true, moz:windowless: false, pageLoadStrategy: normal, platform: WINDOWS, platformName: WINDOWS, proxy: Proxy(), setWindowRect: true, strictFileInteractability: false, timeouts: {implicit: 0, pageLoad: 300000, script: 30000}, unhandledPromptBehavior: dismiss and notify}
Session ID: 11a3a08a-7a43-4df0-807d-d7add85a81a9
*** Element info: {Using=xpath, value=//a[@id=&apos;nav-logo-sprites&apos;]}
	at java.base/jdk.internal.reflect.DirectConstructorHandleAccessor.newInstance(DirectConstructorHandleAccessor.java:67)
	at java.base/java.lang.reflect.Constructor.newInstanceWithCaller(Constructor.java:499)
	at java.base/java.lang.reflect.Constructor.newInstance(Constructor.java:483)
	at org.openqa.selenium.remote.http.W3CHttpResponseCodec.createException(W3CHttpResponseCodec.java:187)
	at org.openqa.selenium.remote.http.W3CHttpResponseCodec.decode(W3CHttpResponseCodec.java:122)
	at org.openqa.selenium.remote.http.W3CHttpResponseCodec.decode(W3CHttpResponseCodec.java:49)
	at org.openqa.selenium.remote.HttpCommandExecutor.execute(HttpCommandExecutor.java:158)
	at org.openqa.selenium.remote.service.DriverCommandExecutor.execute(DriverCommandExecutor.java:83)
	at org.openqa.selenium.remote.RemoteWebDriver.execute(RemoteWebDriver.java:552)
	at org.openqa.selenium.remote.RemoteWebDriver.findElement(RemoteWebDriver.java:323)
	at org.openqa.selenium.remote.RemoteWebDriver.findElementByXPath(RemoteWebDriver.java:428)
	at org.openqa.selenium.By$ByXPath.findElement(By.java:353)
	at org.openqa.selenium.remote.RemoteWebDriver.findElement(RemoteWebDriver.java:315)
	at org.openqa.selenium.support.pagefactory.DefaultElementLocator.findElement(DefaultElementLocator.java:69)
	at org.openqa.selenium.support.pagefactory.internal.LocatingElementHandler.invoke(LocatingElementHandler.java:38)
	at jdk.proxy2/jdk.proxy2.$Proxy7.click(Unknown Source)
	at com.Amazon_Application.Amazon_HomePage.clickOnHome(Amazon_HomePage.java:48)
	at com.Amazon_Application_Test.Testclass.Atul(Testclass.java:47)
</failure>
    <system-out>Configuring TestNG with: org.apache.maven.surefire.testng.conf.TestNG652Configurator@2d209079
</system-out>
    <system-err>1670083776465	geckodriver	INFO	Listening on 127.0.0.1:28035
1670083777021	mozrunner::runner	INFO	Running command: &quot;C:\\Program Files\\Mozilla Firefox\\firefox.exe&quot; &quot;--marionette&quot; &quot;-no-remote&quot; &quot;-profile&quot; &quot;C:\\Users\\DELL\\AppData\\Local\\Temp\\rust_mozprofilecHUNnE&quot;
1670083778278	Marionette	INFO	Marionette enabled
1670083778293	Marionette	INFO	Listening on port 52953
Read port: 52953
Read port: 52953
1670083780106	RemoteAgent	WARN	TLS certificate errors will be ignored for this session
console.warn: SearchSettings: &quot;get: No settings file exists, new profile?&quot; (new NotFoundError(&quot;Could not open the file at C:\\Users\\DELL\\AppData\\Local\\Temp\\rust_mozprofilecHUNnE\\search.json.mozlz4&quot;, (void 0)))
Dec 03, 2022 9:39:43 PM org.openqa.selenium.remote.ProtocolHandshake createSession
INFO: Detected dialect: W3C
JavaScript warning: https://www.amazon.com/ap/signin?openid.pape.max_auth_age=900&amp;openid.return_to=https%3A%2F%2Fwww.amazon.com%2Fgp%2Fyourstore%2Fhome%3Fpath%3D%252Fgp%252Fyourstore%252Fhome%26signIn%3D1%26useRedirectOnSuccess%3D1%26action%3Dsign-out%26ref_%3Dnav_AccountFlyout_signout&amp;prevRID=W46NWFTDP2R8TFAYMW4S&amp;openid.assoc_handle=usflex&amp;openid.mode=checkid_setup&amp;failedSignInCount=0&amp;pageId=usflex&amp;openid.ns=http%3A%2F%2Fspecs.openid.net%2Fauth%2F2.0 line 863 &gt; injectedScript, line 1: WEBGL_debug_renderer_info is deprecated in Firefox and will be removed. Please use RENDERER.
JavaScript warning: https://images-na.ssl-images-amazon.com/images/I/819PzLyzJVL.js?AUIClients/FWCIMAssets, line 289: WEBGL_debug_renderer_info is deprecated in Firefox and will be removed. Please use RENDERER.
console.warn: LoginRecipes: &quot;Falling back to a synchronous message for: https://www.amazon.com.&quot;
console.warn: LoginRecipes: &quot;Falling back to a synchronous message for: https://www.amazon.com.&quot;
JavaScript warning: https://www.amazon.com/ap/signin/141-2689656-7604007 line 890 &gt; injectedScript, line 1: WEBGL_debug_renderer_info is deprecated in Firefox and will be removed. Please use RENDERER.
JavaScript warning: https://images-na.ssl-images-amazon.com/images/I/819PzLyzJVL.js?AUIClients/FWCIMAssets, line 289: WEBGL_debug_renderer_info is deprecated in Firefox and will be removed. Please use RENDERER.
console.warn: LoginRecipes: &quot;Falling back to a synchronous message for: https://www.amazon.com.&quot;
console.warn: LoginRecipes: &quot;Falling back to a synchronous message for: https://www.amazon.com.&quot;
</system-err>
  </testcase>
</testsuite>